[INFO  - 2022-11-27T01:26:26.581Z] GhostDriver - Main - running on port 59072
[INFO  - 2022-11-27T01:26:31.025Z] Session [85a771d0-6df2-11ed-8beb-795d54ac87a2] - page.settings - {"XSSAuditingEnabled":false,"javascriptCanCloseWindows":true,"javascriptCanOpenWindows":true,"javascriptEnabled":true,"loadImages":true,"localToRemoteUrlAccessEnabled":false,"userAgent":"Mozilla/5.0 (Windows NT 6.2; WOW64) AppleWebKit/538.1 (KHTML, like Gecko) PhantomJS/2.1.1 Safari/538.1","webSecurityEnabled":true}
[INFO  - 2022-11-27T01:26:31.025Z] Session [85a771d0-6df2-11ed-8beb-795d54ac87a2] - page.customHeaders:  - {}
[INFO  - 2022-11-27T01:26:31.025Z] Session [85a771d0-6df2-11ed-8beb-795d54ac87a2] - Session.negotiatedCapabilities - {"browserName":"phantomjs","version":"2.1.1","driverName":"ghostdriver","driverVersion":"1.2.0","platform":"windows-10-32bit","javascriptEnabled":true,"takesScreenshot":true,"handlesAlerts":false,"databaseEnabled":false,"locationContextEnabled":false,"applicationCacheEnabled":false,"browserConnectionEnabled":false,"cssSelectorsEnabled":true,"webStorageEnabled":false,"rotatable":false,"acceptSslCerts":false,"nativeEvents":true,"proxy":{"proxyType":"direct"}}
[INFO  - 2022-11-27T01:26:31.025Z] SessionManagerReqHand - _postNewSessionCommand - New Session Created: 85a771d0-6df2-11ed-8beb-795d54ac87a2
[ERROR - 2022-11-27T01:26:35.628Z] Session [85a771d0-6df2-11ed-8beb-795d54ac87a2] - page.onError - msg: Optly-μ is disabled due to an error.
Error parsing request: Provided User-Agent is not recognized as a supported browser: "Mozilla/5.0 (Windows NT 6.2; WOW64) AppleWebKit/538.1 (KHTML, like Gecko) PhantomJS/2.1.1 Safari/538.1". Please ensure that you are forwarding the User-Agent from the client, and see here for more details about which browsers are supported: https://docs.developers.optimizely.com/performance-edge/docs/supported-browsers.

  phantomjs://platform/console++.js:263 in error
[ERROR - 2022-11-27T01:26:35.628Z] Session [85a771d0-6df2-11ed-8beb-795d54ac87a2] - page.onError - stack:
  (anonymous function) (https://www.totaljobs.com/optimizely-edge/20561852190.js:4)

  phantomjs://platform/console++.js:263 in error
[ERROR - 2022-11-27T01:26:37.170Z] Session [85a771d0-6df2-11ed-8beb-795d54ac87a2] - page.onError - msg: ReferenceError: Can't find variable: React

  phantomjs://platform/console++.js:263 in error
[ERROR - 2022-11-27T01:26:37.170Z] Session [85a771d0-6df2-11ed-8beb-795d54ac87a2] - page.onError - stack:
  (anonymous function) (https://www.totaljobs.com/searchbar/renderer/uk/public/client.js?v=1.27.0-c2f9858:1)
  i (https://www.totaljobs.com/searchbar/renderer/uk/public/client.js?v=1.27.0-c2f9858:1)
  (anonymous function) (https://www.totaljobs.com/searchbar/renderer/uk/public/client.js?v=1.27.0-c2f9858:1)
  i (https://www.totaljobs.com/searchbar/renderer/uk/public/client.js?v=1.27.0-c2f9858:1)
  n (https://www.totaljobs.com/searchbar/renderer/uk/public/client.js?v=1.27.0-c2f9858:1)
  (anonymous function) (https://www.totaljobs.com/searchbar/renderer/uk/public/client.js?v=1.27.0-c2f9858:1)

  phantomjs://platform/console++.js:263 in error
